
{"daoType":"ProductMongoDAO","level":"info","message":"Tipo de dao:","timestamp":"2024-02-07T14:15:48.633Z"}
{"level":"info","message":"Server up on port 8080","timestamp":"2024-02-07T14:15:51.593Z"}
{"daoType":"ProductMongoDAO","level":"info","message":"Tipo de dao:","timestamp":"2024-02-07T14:16:59.522Z"}
{"level":"info","message":"Server up on port 8080","timestamp":"2024-02-07T14:17:02.095Z"}
{"daoType":"ProductMongoDAO","level":"info","message":"Tipo de dao:","timestamp":"2024-02-07T14:17:46.037Z"}
{"level":"info","message":"Server up on port 8080","timestamp":"2024-02-07T14:17:48.425Z"}
{"daoType":"ProductMongoDAO","level":"info","message":"Tipo de dao:","timestamp":"2024-02-07T14:18:01.145Z"}
{"level":"info","message":"Server up on port 8080","timestamp":"2024-02-07T14:18:03.698Z"}
{"daoType":"ProductMongoDAO","level":"info","message":"Tipo de dao:","timestamp":"2024-02-07T14:18:26.998Z"}
{"level":"info","message":"Server up on port 8080","timestamp":"2024-02-07T14:18:29.424Z"}
{"daoType":"ProductMongoDAO","level":"info","message":"Tipo de dao:","timestamp":"2024-02-07T14:19:33.922Z"}
{"level":"info","message":"Server up on port 8080","timestamp":"2024-02-07T14:19:36.706Z"}
{"daoType":"ProductMongoDAO","level":"info","message":"Tipo de dao:","timestamp":"2024-02-07T14:20:52.619Z"}
{"daoType":"ProductMongoDAO","level":"info","message":"Tipo de dao:","timestamp":"2024-02-07T14:20:56.652Z"}
{"level":"info","message":"Server up on port 8080","timestamp":"2024-02-07T14:20:59.484Z"}
{"kind":"ObjectId","level":"error","message":"Error al obtener el usuario:  Cast to ObjectId failed for value \"users\" (type string) at path \"_id\" for model \"users\"","path":"_id","reason":{},"stack":"CastError: Cast to ObjectId failed for value \"users\" (type string) at path \"_id\" for model \"users\"\n    at ObjectId.cast (D:\\desafios backend\\Tercera PreEntrega\\node_modules\\mongoose\\lib\\schema\\objectid.js:250:11)\n    at SchemaType.applySetters (D:\\desafios backend\\Tercera PreEntrega\\node_modules\\mongoose\\lib\\schematype.js:1220:12)\n    at SchemaType.castForQuery (D:\\desafios backend\\Tercera PreEntrega\\node_modules\\mongoose\\lib\\schematype.js:1632:15)\n    at cast (D:\\desafios backend\\Tercera PreEntrega\\node_modules\\mongoose\\lib\\cast.js:370:32)\n    at Query.cast (D:\\desafios backend\\Tercera PreEntrega\\node_modules\\mongoose\\lib\\query.js:4911:12)\n    at Query._castConditions (D:\\desafios backend\\Tercera PreEntrega\\node_modules\\mongoose\\lib\\query.js:2232:10)\n    at model.Query._findOne (D:\\desafios backend\\Tercera PreEntrega\\node_modules\\mongoose\\lib\\query.js:2519:8)\n    at model.Query.exec (D:\\desafios backend\\Tercera PreEntrega\\node_modules\\mongoose\\lib\\query.js:4430:28)\n    at process.processTicksAndRejections (node:internal/process/task_queues:95:5)\n    at async UserMongoDAO.getById (file:///D:/desafios%20backend/Tercera%20PreEntrega/src/dao/user.mongo.dao.js:5:26)","stringValue":"\"users\"","timestamp":"2024-02-07T14:21:01.652Z","value":"users","valueType":"string"}
{"level":"error","message":"Error al obtener el usuario:","timestamp":"2024-02-07T14:21:01.652Z"}
{"daoType":"ProductMongoDAO","level":"info","message":"Tipo de dao:","timestamp":"2024-02-07T14:21:23.987Z"}
{"level":"info","message":"Server up on port 8080","timestamp":"2024-02-07T14:21:26.438Z"}
{"daoType":"ProductMongoDAO","level":"info","message":"Tipo de dao:","timestamp":"2024-02-07T14:21:50.668Z"}
{"level":"info","message":"Server up on port 8080","timestamp":"2024-02-07T14:21:53.060Z"}
{"kind":"ObjectId","level":"error","message":"Error al obtener el usuario:  Cast to ObjectId failed for value \"users\" (type string) at path \"_id\" for model \"users\"","path":"_id","reason":{},"stack":"CastError: Cast to ObjectId failed for value \"users\" (type string) at path \"_id\" for model \"users\"\n    at ObjectId.cast (D:\\desafios backend\\Tercera PreEntrega\\node_modules\\mongoose\\lib\\schema\\objectid.js:250:11)\n    at SchemaType.applySetters (D:\\desafios backend\\Tercera PreEntrega\\node_modules\\mongoose\\lib\\schematype.js:1220:12)\n    at SchemaType.castForQuery (D:\\desafios backend\\Tercera PreEntrega\\node_modules\\mongoose\\lib\\schematype.js:1632:15)\n    at cast (D:\\desafios backend\\Tercera PreEntrega\\node_modules\\mongoose\\lib\\cast.js:370:32)\n    at Query.cast (D:\\desafios backend\\Tercera PreEntrega\\node_modules\\mongoose\\lib\\query.js:4911:12)\n    at Query._castConditions (D:\\desafios backend\\Tercera PreEntrega\\node_modules\\mongoose\\lib\\query.js:2232:10)\n    at model.Query._findOne (D:\\desafios backend\\Tercera PreEntrega\\node_modules\\mongoose\\lib\\query.js:2519:8)\n    at model.Query.exec (D:\\desafios backend\\Tercera PreEntrega\\node_modules\\mongoose\\lib\\query.js:4430:28)\n    at process.processTicksAndRejections (node:internal/process/task_queues:95:5)\n    at async UserMongoDAO.getById (file:///D:/desafios%20backend/Tercera%20PreEntrega/src/dao/user.mongo.dao.js:5:26)","stringValue":"\"users\"","timestamp":"2024-02-07T14:21:54.508Z","value":"users","valueType":"string"}
{"level":"error","message":"Error al obtener el usuario:","timestamp":"2024-02-07T14:21:54.508Z"}
{"kind":"ObjectId","level":"error","message":"Error al obtener el usuario:  Cast to ObjectId failed for value \"users\" (type string) at path \"_id\" for model \"users\"","path":"_id","reason":{},"stack":"CastError: Cast to ObjectId failed for value \"users\" (type string) at path \"_id\" for model \"users\"\n    at ObjectId.cast (D:\\desafios backend\\Tercera PreEntrega\\node_modules\\mongoose\\lib\\schema\\objectid.js:250:11)\n    at SchemaType.applySetters (D:\\desafios backend\\Tercera PreEntrega\\node_modules\\mongoose\\lib\\schematype.js:1220:12)\n    at SchemaType.castForQuery (D:\\desafios backend\\Tercera PreEntrega\\node_modules\\mongoose\\lib\\schematype.js:1632:15)\n    at cast (D:\\desafios backend\\Tercera PreEntrega\\node_modules\\mongoose\\lib\\cast.js:370:32)\n    at Query.cast (D:\\desafios backend\\Tercera PreEntrega\\node_modules\\mongoose\\lib\\query.js:4911:12)\n    at Query._castConditions (D:\\desafios backend\\Tercera PreEntrega\\node_modules\\mongoose\\lib\\query.js:2232:10)\n    at model.Query._findOne (D:\\desafios backend\\Tercera PreEntrega\\node_modules\\mongoose\\lib\\query.js:2519:8)\n    at model.Query.exec (D:\\desafios backend\\Tercera PreEntrega\\node_modules\\mongoose\\lib\\query.js:4430:28)\n    at process.processTicksAndRejections (node:internal/process/task_queues:95:5)\n    at async UserMongoDAO.getById (file:///D:/desafios%20backend/Tercera%20PreEntrega/src/dao/user.mongo.dao.js:5:26)","stringValue":"\"users\"","timestamp":"2024-02-07T14:21:56.232Z","value":"users","valueType":"string"}
{"level":"error","message":"Error al obtener el usuario:","timestamp":"2024-02-07T14:21:56.232Z"}
{"daoType":"ProductMongoDAO","level":"info","message":"Tipo de dao:","timestamp":"2024-02-07T14:22:11.284Z"}
{"level":"info","message":"Server up on port 8080","timestamp":"2024-02-07T14:22:13.833Z"}
{"daoType":"ProductMongoDAO","level":"info","message":"Tipo de dao:","timestamp":"2024-02-07T14:22:34.408Z"}
{"level":"info","message":"Server up on port 8080","timestamp":"2024-02-07T14:22:36.957Z"}
{"kind":"ObjectId","level":"error","message":"Error al obtener el usuario:  Cast to ObjectId failed for value \"user\" (type string) at path \"_id\" for model \"users\"","path":"_id","reason":{},"stack":"CastError: Cast to ObjectId failed for value \"user\" (type string) at path \"_id\" for model \"users\"\n    at ObjectId.cast (D:\\desafios backend\\Tercera PreEntrega\\node_modules\\mongoose\\lib\\schema\\objectid.js:250:11)\n    at SchemaType.applySetters (D:\\desafios backend\\Tercera PreEntrega\\node_modules\\mongoose\\lib\\schematype.js:1220:12)\n    at SchemaType.castForQuery (D:\\desafios backend\\Tercera PreEntrega\\node_modules\\mongoose\\lib\\schematype.js:1632:15)\n    at cast (D:\\desafios backend\\Tercera PreEntrega\\node_modules\\mongoose\\lib\\cast.js:370:32)\n    at Query.cast (D:\\desafios backend\\Tercera PreEntrega\\node_modules\\mongoose\\lib\\query.js:4911:12)\n    at Query._castConditions (D:\\desafios backend\\Tercera PreEntrega\\node_modules\\mongoose\\lib\\query.js:2232:10)\n    at model.Query._findOne (D:\\desafios backend\\Tercera PreEntrega\\node_modules\\mongoose\\lib\\query.js:2519:8)\n    at model.Query.exec (D:\\desafios backend\\Tercera PreEntrega\\node_modules\\mongoose\\lib\\query.js:4430:28)\n    at process.processTicksAndRejections (node:internal/process/task_queues:95:5)\n    at async UserMongoDAO.getById (file:///D:/desafios%20backend/Tercera%20PreEntrega/src/dao/user.mongo.dao.js:5:26)","stringValue":"\"user\"","timestamp":"2024-02-07T14:22:39.887Z","value":"user","valueType":"string"}
{"level":"error","message":"Error al obtener el usuario:","timestamp":"2024-02-07T14:22:39.888Z"}
{"daoType":"ProductMongoDAO","level":"info","message":"Tipo de dao:","timestamp":"2024-02-07T14:23:02.412Z"}
{"level":"info","message":"Server up on port 8080","timestamp":"2024-02-07T14:23:04.938Z"}
{"kind":"ObjectId","level":"error","message":"Error al obtener el usuario:  Cast to ObjectId failed for value \"user\" (type string) at path \"_id\" for model \"users\"","path":"_id","reason":{},"stack":"CastError: Cast to ObjectId failed for value \"user\" (type string) at path \"_id\" for model \"users\"\n    at ObjectId.cast (D:\\desafios backend\\Tercera PreEntrega\\node_modules\\mongoose\\lib\\schema\\objectid.js:250:11)\n    at SchemaType.applySetters (D:\\desafios backend\\Tercera PreEntrega\\node_modules\\mongoose\\lib\\schematype.js:1220:12)\n    at SchemaType.castForQuery (D:\\desafios backend\\Tercera PreEntrega\\node_modules\\mongoose\\lib\\schematype.js:1632:15)\n    at cast (D:\\desafios backend\\Tercera PreEntrega\\node_modules\\mongoose\\lib\\cast.js:370:32)\n    at Query.cast (D:\\desafios backend\\Tercera PreEntrega\\node_modules\\mongoose\\lib\\query.js:4911:12)\n    at Query._castConditions (D:\\desafios backend\\Tercera PreEntrega\\node_modules\\mongoose\\lib\\query.js:2232:10)\n    at model.Query._findOne (D:\\desafios backend\\Tercera PreEntrega\\node_modules\\mongoose\\lib\\query.js:2519:8)\n    at model.Query.exec (D:\\desafios backend\\Tercera PreEntrega\\node_modules\\mongoose\\lib\\query.js:4430:28)\n    at process.processTicksAndRejections (node:internal/process/task_queues:95:5)\n    at async UserMongoDAO.getById (file:///D:/desafios%20backend/Tercera%20PreEntrega/src/dao/user.mongo.dao.js:5:26)","stringValue":"\"user\"","timestamp":"2024-02-07T14:23:09.813Z","value":"user","valueType":"string"}
{"level":"error","message":"Error al obtener el usuario:","timestamp":"2024-02-07T14:23:09.813Z"}
{"daoType":"ProductMongoDAO","level":"info","message":"Tipo de dao:","timestamp":"2024-02-07T15:25:05.405Z"}
{"level":"info","message":"Server up on port 8080","timestamp":"2024-02-07T15:25:10.530Z"}
{"daoType":"ProductMongoDAO","level":"info","message":"Tipo de dao:","timestamp":"2024-02-07T15:32:43.952Z"}
{"level":"info","message":"Server up on port 8080","timestamp":"2024-02-07T15:32:47.917Z"}
{"daoType":"ProductMongoDAO","level":"info","message":"Tipo de dao:","timestamp":"2024-02-07T15:32:50.133Z"}
{"level":"info","message":"Server up on port 8080","timestamp":"2024-02-07T15:32:52.586Z"}
{"daoType":"ProductMongoDAO","level":"info","message":"Tipo de dao:","timestamp":"2024-02-07T15:35:09.672Z"}
{"level":"info","message":"Server up on port 8080","timestamp":"2024-02-07T15:35:17.981Z"}
{"daoType":"ProductMongoDAO","level":"info","message":"Tipo de dao:","timestamp":"2024-02-07T15:35:39.686Z"}
{"level":"info","message":"Server up on port 8080","timestamp":"2024-02-07T15:35:44.163Z"}
{"daoType":"ProductMongoDAO","level":"info","message":"Tipo de dao:","timestamp":"2024-02-07T15:35:54.363Z"}
{"level":"info","message":"Server up on port 8080","timestamp":"2024-02-07T15:35:57.107Z"}
{"daoType":"ProductMongoDAO","level":"info","message":"Tipo de dao:","timestamp":"2024-02-07T15:41:56.922Z"}
{"level":"info","message":"Server up on port 8080","timestamp":"2024-02-07T15:42:00.038Z"}
{"daoType":"ProductMongoDAO","level":"info","message":"Tipo de dao:","timestamp":"2024-02-07T15:55:25.057Z"}
{"level":"info","message":"Server up on port 8080","timestamp":"2024-02-07T15:55:27.757Z"}
{"daoType":"ProductMongoDAO","level":"info","message":"Tipo de dao:","timestamp":"2024-02-07T15:57:27.821Z"}
{"level":"info","message":"Server up on port 8080","timestamp":"2024-02-07T15:57:32.998Z"}
{"daoType":"ProductMongoDAO","level":"info","message":"Tipo de dao:","timestamp":"2024-02-07T19:47:30.285Z"}
{"level":"info","message":"Server up on port 8080","timestamp":"2024-02-07T19:47:33.702Z"}
{"daoType":"ProductMongoDAO","level":"info","message":"Tipo de dao:","timestamp":"2024-02-07T19:48:04.702Z"}
{"level":"info","message":"Server up on port 8080","timestamp":"2024-02-07T19:48:06.839Z"}
{"0":{"__v":1,"_id":"65b3c098add24ef5e2b44f6f","age":23,"cart":"65b3c098add24ef5e2b44f6d","documents":[],"email":"britonahuelantonio@gmail.com","firstName":"Nahuel","lastName":"Brito","last_connection":"2024-02-07T15:26:05.132Z","password":"$2b$10$Od0W29dwgPn13NaVxl.WEuINBna16GJE1TFy5gGgQKaHoTvQRlvEa","role":"admin"},"1":{"__v":0,"_id":"65c3919b93fd87803364c425","age":40,"cart":"65c3919b93fd87803364c423","documents":[],"email":"cr7@gmail.com","firstName":"cristinao","lastName":"ronaldo","last_connection":"2024-02-07T14:20:21.539Z","password":"$2b$10$VEjcPk97q9UXWP4IJ2EPruZ/lmKANaomvPQbcCmfuFOYrafL83qsa","role":"user"},"level":"info","message":"Deleted inactive users:","timestamp":"2024-02-07T19:48:23.717Z"}
{"daoType":"ProductMongoDAO","level":"info","message":"Tipo de dao:","timestamp":"2024-02-07T19:49:49.336Z"}
{"level":"info","message":"Server up on port 8080","timestamp":"2024-02-07T19:49:52.575Z"}
{"level":"error","message":"Error al actualizar la ultima coneccion:  Cannot set properties of null (setting 'last_connection')","stack":"TypeError: Cannot set properties of null (setting 'last_connection')\n    at UserMongoDAO.updateLastConnection (file:///D:/desafios%20backend/Tercera%20PreEntrega/src/dao/user.mongo.dao.js:27:24)\n    at process.processTicksAndRejections (node:internal/process/task_queues:95:5)\n    at async UserRepository.updateLastConnection (file:///D:/desafios%20backend/Tercera%20PreEntrega/src/services/repositories/user.repository.js:82:20)\n    at async logoutController (file:///D:/desafios%20backend/Tercera%20PreEntrega/src/controllers/session.controller.js:39:5)","timestamp":"2024-02-07T19:50:10.243Z"}
{"daoType":"ProductMongoDAO","level":"info","message":"Tipo de dao:","timestamp":"2024-02-07T19:50:25.710Z"}
{"level":"info","message":"Server up on port 8080","timestamp":"2024-02-07T19:50:28.333Z"}
